{"method":"POST","address":"/messenger/user/sending","message":"notNull Violation: users_messages.id cannot be null","level":"error","timestamp":"2021-08-12 00:10:19"}
{"method":"POST","address":"/messenger/user/sending","message":"notNull Violation: users_messages.id cannot be null","level":"error","timestamp":"2021-08-12 00:10:50"}
{"method":"POST","address":"/messenger/user/sending","message":"notNull Violation: users_messages.id cannot be null","level":"error","timestamp":"2021-08-12 00:10:51"}
{"method":"POST","address":"/messenger/user/sending","message":"notNull Violation: users_messages.id cannot be null","level":"error","timestamp":"2021-08-12 00:11:05"}
{"method":"POST","address":"/messenger/user/sending","message":"e is not defined","level":"error","timestamp":"2021-08-12 00:20:04"}
{"method":"POST","address":"/messenger/user/sending","message":"Некорректные данные при отправке сообщения","date":{"email_sender":"e@mail.ru","email_receiver":"asi.ano@mail.ru","message":"Hello, world!","link_media":null,"type":null},"level":"error","timestamp":"2021-08-12 00:21:25"}
{"method":"POST","address":"/messenger/user/sending","message":"Некорректные данные при отправке сообщения","date":{"email_sender":"e@mail.ru","email_receiver":"asi.ano@mail.ru","message":"Hello, world!","link_media":null,"type":null},"level":"error","timestamp":"2021-08-12 00:22:05"}
{"method":"POST","address":"/messenger/user/sending","message":"Некорректные данные при отправке сообщения","date":{"email_sender":"e@mail.ru","email_receiver":"asi.ano@mail.ru","message":"Hello, world!","link_media":null,"type":null},"level":"error","timestamp":"2021-08-12 00:22:32"}
{"method":"POST","address":"/messenger/user/sending","message":"Некорректные данные при отправке сообщения","date":{"email_sender":"e@mail.ru","email_receiver":"asi.ano@mail.ru","message":"Hello, world!","link_media":null,"type":null},"level":"error","timestamp":"2021-08-12 00:22:37"}
{"method":"POST","address":"/messenger/user/sending","message":"Некорректные данные при отправке сообщения","date":{"email_sender":"e@mail.ru","email_receiver":"asi.ano@mail.ru","message":"Hello, world!","link_media":null,"type":null},"level":"error","timestamp":"2021-08-12 00:23:33"}
{"method":"POST","address":"/messenger/user/sending","message":"Некорректные данные при отправке сообщения","date":{"email_sender":"e@mail.ru","email_receiver":"asi.ano@mail.ru","message":"Hello, world!","link_media":null,"type":null},"level":"error","timestamp":"2021-08-12 00:23:39"}
{"method":"POST","address":"/messenger/user/sending","message":"Некорректные данные при отправке сообщения","date":{"email_sender":"e@mail.ru","email_receiver":"asi.ano@mail.ru","message":"Hello, world!","link_media":null,"type":null},"level":"error","timestamp":"2021-08-12 00:24:00"}
{"method":"POST","address":"/messenger/user/sending","message":"Некорректные данные при отправке сообщения","date":{"email_sender":"e@mail.ru","email_receiver":"asi.ano@mail.ru","message":"Hello, world!","link_media":null,"type":null},"level":"error","timestamp":"2021-08-12 00:24:01"}
{"method":"POST","address":"/messenger/user/sending","message":"Некорректные данные при отправке сообщения","date":{"email_sender":"e@mail.ru","email_receiver":"asi.ano@mail.ru","message":"Hello, world!","link_media":null,"type":null},"level":"error","timestamp":"2021-08-12 00:25:43"}
{"method":"POST","address":"/messenger/user/sending","message":"Некорректные данные при отправке сообщения","date":{"email_sender":"e@mail.ru","email_receiver":"asi.ano@mail.ru","message":"Hello, world!","link_media":null,"type":null},"level":"error","timestamp":"2021-08-12 00:25:44"}
{"method":"POST","address":"/messenger/user/sending","message":"Некорректные данные при отправке сообщения","date":{"email_sender":"e@mail.ru","email_receiver":"asi.ano@mail.ru","message":"Hello, world!","link_media":null,"type":null},"level":"error","timestamp":"2021-08-12 00:26:28"}
{"method":"POST","address":"/messenger/user/sending","message":"Некорректные данные при отправке сообщения","date":{"email_sender":"e@mail.ru","email_receiver":"asi.ano@mail.ru","message":"Hello, world!","link_media":null,"type":null},"level":"error","timestamp":"2021-08-12 00:26:29"}
{"method":"POST","address":"/messenger/user/sending","message":"Некорректные данные при отправке сообщения","date":{"email_sender":"e@mail.ru","email_receiver":"asi.ano@mail.ru","message":"Hello, world!","link_media":null,"type":null},"level":"error","timestamp":"2021-08-12 00:26:57"}
{"method":"POST","address":"/messenger/user/sending","message":"Некорректные данные при отправке сообщения","date":{"email_sender":"e@mail.ru","email_receiver":"asi.ano@mail.ru","message":"Hello, world!","link_media":null,"type":null},"level":"error","timestamp":"2021-08-12 00:26:58"}
{"method":"POST","address":"/messenger/user/sending","message":"Некорректные данные при отправке сообщения","date":{"email_sender":"e@mail.ru","email_receiver":"asi.ano@mail.ru","message":"Hello, world!","link_media":null,"type":null},"level":"error","timestamp":"2021-08-12 00:27:19"}
{"method":"POST","address":"/messenger/user/sending","message":"Некорректные данные при отправке сообщения","date":{"email_sender":"e@mail.ru","email_receiver":"asi.ano@mail.ru","message":"Hello, world!","link_media":null,"type":null},"level":"error","timestamp":"2021-08-12 00:27:19"}
{"method":"POST","address":"/messenger/user/sending","message":"Некорректные данные при отправке сообщения","date":{"email_sender":"e@mail.ru","email_receiver":"asi.ano@mail.ru","message":"Hello, world!","link_media":null,"type":null},"level":"error","timestamp":"2021-08-12 00:28:15"}
{"method":"POST","address":"/messenger/user/sending","message":"Некорректные данные при отправке сообщения","date":{"email_sender":"e@mail.ru","email_receiver":"asi.ano@mail.ru","message":"Hello, world!","link_media":null,"type":null},"level":"error","timestamp":"2021-08-12 00:28:16"}
{"method":"POST","address":"/messenger/user/sending","message":"Некорректные данные при отправке сообщения","date":{"email_sender":"e@mail.ru","email_receiver":"asi.ano@mail.ru","message":"Hello, world!","link_media":null,"type":null},"level":"error","timestamp":"2021-08-12 00:31:00"}
{"method":"POST","address":"/messenger/user/sending","message":"Некорректные данные при отправке сообщения","date":{"email_sender":"e@mail.ru","email_receiver":"asi.ano@mail.ru","message":"Hello, world!","link_media":null,"type":null},"level":"error","timestamp":"2021-08-12 00:31:00"}
{"method":"POST","address":"/messenger/user/sending","message":"Некорректные данные при отправке сообщения","date":{"email_sender":"e@mail.ru","email_receiver":"asi.ano@mail.ru","message":"Hello, world!","link_media":null,"type":null},"level":"error","timestamp":"2021-08-12 00:31:30"}
{"method":"POST","address":"/messenger/user/sending","message":"Некорректные данные при отправке сообщения","date":{"email_sender":"e@mail.ru","email_receiver":"asi.ano@mail.ru","message":"Hello, world!","link_media":null,"type":null},"level":"error","timestamp":"2021-08-12 00:31:30"}
{"method":"POST","address":"/messenger/user/sending","message":"Некорректные данные при отправке сообщения","date":{"email_sender":"e@mail.ru","email_receiver":"asi.ano@mail.ru","message":"Hello, world!","link_media":null,"type":null},"level":"error","timestamp":"2021-08-12 00:31:39"}
{"method":"POST","address":"/messenger/user/sending","message":"Некорректные данные при отправке сообщения","date":{"email_sender":"e@mail.ru","email_receiver":"asi.ano@mail.ru","message":"Hello, world!","link_media":null,"type":null},"level":"error","timestamp":"2021-08-12 00:32:24"}
{"method":"POST","address":"/messenger/user/sending","message":"Некорректные данные при отправке сообщения","date":{"email_sender":"e@mail.ru","email_receiver":"asi.ano@mail.ru","message":"Hello, world!","link_media":null,"type":null},"level":"error","timestamp":"2021-08-12 00:32:24"}
{"method":"POST","address":"/messenger/user/sending","message":"Некорректные данные при отправке сообщения","date":{"email_sender":"e@mail.ru","email_receiver":"asi.ano@mail.ru","message":"Hello, world!","link_media":null,"type":null},"level":"error","timestamp":"2021-08-12 00:32:31"}
{"method":"POST","address":"/messenger/user/sending","message":"Некорректные данные при отправке сообщения","date":{"email_sender":"e@mail.ru","email_receiver":"asi.ano@mail.ru","message":"Hello, world!","link_media":null,"type":null},"level":"error","timestamp":"2021-08-12 00:33:47"}
{"method":"POST","address":"/messenger/user/sending","message":"Некорректные данные при отправке сообщения","date":{"email_sender":"e@mail.ru","email_receiver":"asi.ano@mail.ru","message":"Hello, world!","link_media":null,"type":null},"level":"error","timestamp":"2021-08-12 00:33:47"}
{"method":"POST","address":"/messenger/user/sending","message":"Некорректные данные при отправке сообщения","date":{"email_sender":"e@mail.ru","email_receiver":"asi.ano@mail.ru","message":"Hello, world!","link_media":null,"type":null},"level":"error","timestamp":"2021-08-12 00:34:09"}
{"method":"POST","address":"/messenger/user/sending","message":"Некорректные данные при отправке сообщения","date":{"email_sender":"e@mail.ru","email_receiver":"asi.ano@mail.ru","message":"Hello, world!","link_media":null,"type":null},"level":"error","timestamp":"2021-08-12 00:34:09"}
{"method":"POST","address":"/messenger/user/sending","message":"Некорректные данные при отправке сообщения","date":{"email_sender":"e@mail.ru","email_receiver":"ai.ano@mail.ru","message":"Hello, world!","link_media":null,"type":null},"level":"error","timestamp":"2021-08-12 00:36:37"}
{"method":"POST","address":"/messenger/user/sending","message":"Некорректные данные при отправке сообщения","date":{"email_sender":"e1@mail.ru","email_receiver":"asi.ano@mail.ru","message":"Hello, world!","link_media":null,"type":null},"level":"error","timestamp":"2021-08-12 00:37:01"}
{"method":"POST","address":"/messenger/user/chats","message":"Некорректные данные при получении сообщений","date":{"email":"\"asi.ano@mail.ru\""},"level":"error","timestamp":"2021-08-12 00:49:12"}
{"method":"POST","address":"/messenger/user/sending","message":"столбец users_messages.email не существует","level":"error","timestamp":"2021-08-12 00:50:12"}
{"method":"POST","address":"/messenger/user/sending","message":"email_sender is not defined","level":"error","timestamp":"2021-08-12 00:50:40"}
{"method":"POST","address":"/messenger/user/sending","message":"столбец users_groups.email не существует","level":"error","timestamp":"2021-08-12 01:06:30"}
{"method":"POST","address":"/messenger/user/sending","message":"столбец users_groups.email не существует","level":"error","timestamp":"2021-08-12 01:24:44"}
{"method":"POST","address":"/messenger/user/sending","message":"столбец users_groups.email не существует","level":"error","timestamp":"2021-08-12 02:00:20"}
{"method":"POST","address":"/messenger/user/sending","message":"Некорректные данные при отправке сообщения","date":{"email_sender":"asi.ano@mail.ru","email_receiver":"e@mail.ru","link_media":null,"type":null},"level":"error","timestamp":"2021-08-12 12:19:44"}
{"method":"POST","address":"/messenger/user/sending","message":"Некорректные данные при отправке сообщения","date":{"email_sender":"asi.ano@mail.ru","email_receiver":"e@mail.ru","message":"Hello, world!","link_media":null,"type":null},"level":"error","timestamp":"2021-08-12 12:20:00"}
{"method":"POST","address":"/messenger/user/sending","message":"столбец users_groups.email_creator не существует","level":"error","timestamp":"2021-08-12 12:24:58"}
{"method":"POST","address":"/messenger/group/sending","message":"повторяющееся значение ключа нарушает ограничение уникальности \"groups_messages_pkey\"","level":"error","timestamp":"2021-08-13 13:17:49"}
{"method":"POST","address":"/messenger/group/sending","message":"повторяющееся значение ключа нарушает ограничение уникальности \"groups_messages_pkey\"","level":"error","timestamp":"2021-08-13 13:20:00"}
{"method":"POST","address":"/messenger/group/sending","message":"повторяющееся значение ключа нарушает ограничение уникальности \"groups_messages_pkey\"","level":"error","timestamp":"2021-08-13 13:20:42"}
{"method":"POST","address":"/messenger/group/sending","message":"повторяющееся значение ключа нарушает ограничение уникальности \"groups_messages_pkey\"","level":"error","timestamp":"2021-08-13 13:22:04"}
{"method":"POST","address":"/messenger/group/sending","message":"Данной группы не существует","date":{"groups_id":4,"email_sender":"e@mail.ru","message":"New groups' message","link_media":null,"type":null},"level":"error","timestamp":"2021-08-13 13:23:41"}
{"method":"POST","address":"/messenger/user/sending","message":"Cannot read property 'dataValues' of undefined","level":"error","timestamp":"2021-08-13 14:16:45"}
{"method":"POST","address":"/messenger/user/chat","message":"Некорректные данные при отправке сообщения","date":{"email_receiver":["e@mail.ru","asi.ano@mail.ru"]},"level":"error","timestamp":"2021-08-13 15:15:02"}
{"method":"POST","address":"/messenger/user/chat","message":"Некорректные данные при отправке сообщения","date":{"email_receiver":["e@mail.ru","asi.ano@mail.ru"]},"level":"error","timestamp":"2021-08-13 15:15:55"}
{"method":"POST","address":"/messenger/group/chat","message":"Некорректные данные при отправке сообщения","date":{"groups_id":"1"},"level":"error","timestamp":"2021-08-13 16:27:01"}
{"method":"POST","address":"/messenger/group/chat","message":"Некорректные данные при отправке сообщения","date":{"groups_id":"1"},"level":"error","timestamp":"2021-08-13 16:28:06"}
{"method":"POST","address":"/messenger/group/chat","message":"Некорректные данные при отправке сообщения","date":{"groups_id":"1"},"level":"error","timestamp":"2021-08-13 16:28:27"}
{"method":"POST","address":"/messenger/group/chat","message":"Некорректные данные при отправке сообщения","date":{"groups_id":"1"},"level":"error","timestamp":"2021-08-13 16:28:32"}
{"method":"POST","address":"/messenger/group/chat","message":"Некорректные данные при отправке сообщения","date":{"groups_id":"1"},"level":"error","timestamp":"2021-08-13 16:28:45"}
{"method":"POST","address":"/messenger/group/chat","message":"Некорректные данные при отправке сообщения","date":{"groups_id":"1"},"level":"error","timestamp":"2021-08-13 16:29:15"}
{"method":"POST","address":"/messenger/group/chat","message":"Некорректные данные при отправке сообщения","date":{"groups_id":"1"},"level":"error","timestamp":"2021-08-13 16:29:29"}
{"method":"POST","address":"/messenger/group/chat","message":"Некорректные данные при отправке сообщения","date":{"groups_id":"1"},"level":"error","timestamp":"2021-08-13 16:29:46"}
{"method":"POST","address":"/messenger/group/chat","message":"Некорректные данные при отправке сообщения","date":{"groups_id":"1"},"level":"error","timestamp":"2021-08-13 16:29:56"}
{"method":"POST","address":"/messenger/group/chat","message":"Некорректные данные при отправке сообщения","date":{"groups_id":"1"},"level":"error","timestamp":"2021-08-13 16:30:00"}
{"method":"POST","address":"/messenger/user/chat","message":"Некорректные данные при отправке сообщения","date":{"email_sender":"asi.ano@mail.ru"},"level":"error","timestamp":"2021-08-13 16:49:50"}
{"method":"POST","address":"/messenger/user/sending","message":"Cannot read property 'nickname' of undefined","level":"error","timestamp":"2021-09-23 22:00:47"}
{"method":"POST","address":"/messenger/user/chats","message":"Cannot read property 'nickname' of undefined","level":"error","timestamp":"2021-09-23 22:01:44"}
{"method":"POST","address":"/messenger/user/chats","message":"Cannot read property 'nickname' of undefined","level":"error","timestamp":"2021-09-23 22:05:05"}
{"method":"POST","address":"/messenger/user/chats","message":"Cannot read property 'nickname' of undefined","level":"error","timestamp":"2021-09-25 07:43:24"}
{"method":"POST","address":"/messenger/user/chats","message":"Cannot read property 'nickname' of undefined","level":"error","timestamp":"2021-09-25 07:44:32"}
{"method":"POST","address":"/messenger/user/chats","message":"creator_info is not defined","level":"error","timestamp":"2021-09-25 15:57:04"}
{"method":"POST","address":"/messenger/user/chats","message":"creator_info is not defined","level":"error","timestamp":"2021-09-25 15:58:31"}
{"method":"POST","address":"/messenger/user/chats","message":"creator_info is not defined","level":"error","timestamp":"2021-09-25 15:59:09"}
{"method":"POST","address":"/messenger/user/chats","message":"creator_info is not defined","level":"error","timestamp":"2021-09-25 15:59:21"}
{"method":"POST","address":"/messenger/user/chats","message":"current_messages is not defined","level":"error","timestamp":"2021-09-25 17:24:45"}
{"method":"POST","address":"/messenger/user/chats","message":"other_email is not defined","level":"error","timestamp":"2021-09-25 21:57:42"}
